<?xml version="1.0" encoding="UTF-8"?>
<!-- Generated by org.testng.reporters.JUnitReportReporter -->
<testsuite hostname="LAPTOP-7H89J3RL" failures="0" tests="2" name="Com.TestClass.calculatorOperationsTest" time="12.329" errors="0" timestamp="2023-04-06T09:51:50 IST" skipped="0">
  <testcase classname="Com.TestClass.calculatorOperationsTest" name="TC01" time="7.496"/>
  <system-out/>
  <testcase classname="Com.TestClass.calculatorOperationsTest" name="TC02" time="4.833"/>
  <system-out/>
</testsuite> <!-- Com.TestClass.calculatorOperationsTest -->
